ping....
got msg:{"update_time":"2018-10-17 17:32:24","tid":"E20181017173223030800007"}
ignore type trade_TradeSuccess
ping....
got msg:{"update_time":"2018-10-17 17:34:30","tid":"E20181017173430030800003"}
ignore type trade_TradeSuccess
ping....
get visit
ping....
get visit
ping....
get visit
ping....
get visit
ping....
got msg:{"order_promotion":{"adjust_fee":"0.00"},"qr_info":{"qr_id":8846605,"qr_pay_id":23935613,"qr_name":"0.1\u5143-\u652f\u6301\u3001\u4f53\u9a8c\u3001\u6d4b\u8bd5"},"refund_order":[],"full_order_info":{"address_info":{"self_fetch_info":"","delivery_address":"","delivery_postal_code":"","receiver_name":"","delivery_province":"","delivery_city":"","delivery_district":"","address_extra":"{}","receiver_tel":""},"remark_info":{"buyer_message":""},"pay_info":{"outer_transactions":[],"post_fee":"0.00","total_fee":"0.01","payment":"0.01","transaction":[]},"buyer_info":{"outer_user_id":"","buyer_phone":"15619911997","fans_type":9,"buyer_id":6332724,"fans_id":749154168,"fans_nickname":""},"orders":[{"outer_sku_id":"","sku_unique_code":"","goods_url":"https:\/\/h5.youzan.com\/v2\/showcase\/goods?alias=null","item_id":2147483647,"outer_item_id":"null","discount_price":"0.01","item_type":30,"num":1,"sku_id":0,"sku_properties_name":"","pic_path":"https:\/\/img.yzcdn.cn\/public_files\/2016\/12\/29\/33e6c838cefa614c5121c63c80f860e9.png","oid":"1477765912330247003","title":"0.1\u5143-\u652f\u6301\u3001\u4f53\u9a8c\u3001\u6d4b\u8bd5","buyer_messages":"","is_present":false,"pre_sale_type":"null","points_price":"0","price":"0.01","total_fee":"0.01","alias":"null","payment":"0.01","is_pre_sale":"null"}],"source_info":{"is_offline_order":false,"book_key":"null","biz_source":"null","source":{"platform":"wx","wx_entrance":"direct_buy"}},"order_info":{"consign_time":"","order_extra":{"is_from_cart":"false","buyer_name":"UIDEAS"},"created":"2018-10-17 18:44:25","status_str":"\u5f85\u652f\u4ed8","expired_time":"2018-10-17 19:14:25","success_time":"","type":6,"tid":"E20181017184425030800006","confirm_time":"","pay_time":"","update_time":"2018-10-17 18:44:26","pay_type_str":"","is_retail_order":false,"pay_type":0,"team_type":1,"refund_state":0,"close_type":0,"status":"WAIT_BUYER_PAY","express_type":9,"order_tags":{"is_secured_transactions":true}}}}
ignore type trade_TradeCreate
ping....
got msg:{"update_time":"2018-10-17 18:44:26","tid":"E20181017184425030800006"}
ignore type trade_TradeSuccess
ping....
got msg:{"order_promotion":{"adjust_fee":"0.00"},"qr_info":{"qr_id":8846605,"qr_pay_id":23935613,"qr_name":"0.1\u5143-\u652f\u6301\u3001\u4f53\u9a8c\u3001\u6d4b\u8bd5"},"refund_order":[],"full_order_info":{"address_info":{"self_fetch_info":"","delivery_address":"","delivery_postal_code":"","receiver_name":"","delivery_province":"","delivery_city":"","delivery_district":"","address_extra":"{}","receiver_tel":""},"remark_info":{"buyer_message":""},"pay_info":{"outer_transactions":["4200000179201810170664319000"],"post_fee":"0.00","total_fee":"0.01","payment":"0.01","transaction":["181017184427000053"]},"buyer_info":{"outer_user_id":"","buyer_phone":"15619911997","fans_type":9,"buyer_id":6332724,"fans_id":749154168,"fans_nickname":""},"orders":[{"outer_sku_id":"","sku_unique_code":"","goods_url":"https:\/\/h5.youzan.com\/v2\/showcase\/goods?alias=null","item_id":2147483647,"outer_item_id":"null","discount_price":"0.01","item_type":30,"num":1,"sku_id":0,"sku_properties_name":"","pic_path":"https:\/\/img.yzcdn.cn\/public_files\/2016\/12\/29\/33e6c838cefa614c5121c63c80f860e9.png","oid":"1477765912330247003","title":"0.1\u5143-\u652f\u6301\u3001\u4f53\u9a8c\u3001\u6d4b\u8bd5","buyer_messages":"","is_present":false,"pre_sale_type":"null","points_price":"0","price":"0.01","total_fee":"0.01","alias":"null","payment":"0.01","is_pre_sale":"null"}],"source_info":{"is_offline_order":false,"book_key":"null","biz_source":"null","source":{"platform":"wx","wx_entrance":"direct_buy"}},"order_info":{"consign_time":"","order_extra":{"is_from_cart":"false","buyer_name":"UIDEAS"},"created":"2018-10-17 18:44:25","status_str":"\u5df2\u652f\u4ed8","expired_time":"2018-10-17 19:14:25","success_time":"","type":6,"tid":"E20181017184425030800006","confirm_time":"","pay_time":"2018-10-17 18:44:32","update_time":"2018-10-17 18:44:34","pay_type_str":"WEIXIN_DAIXIAO","is_retail_order":false,"pay_type":10,"team_type":1,"refund_state":0,"close_type":0,"status":"TRADE_PAID","express_type":9,"order_tags":{"is_payed":true,"is_secured_transactions":true}}}}
ignore type trade_TradePaid
